::1 - - [19/Mar/2017:12:01:51 -0400] "GET / HTTP/1.1" 200 3262 0.1640
::1 - - [19/Mar/2017:12:01:52 -0400] "POST /players HTTP/1.1" 200 2471 0.0750
feedback: nil
::1 - - [19/Mar/2017:12:01:54 -0400] "GET /play_human HTTP/1.1" 200 2966 0.0180
feedback: nil
::1 - - [19/Mar/2017:12:02:14 -0400] "POST /result_human HTTP/1.1" 200 2994 0.0190
[2017-03-19 12:03:03] INFO  going to shutdown ...
[2017-03-19 12:03:03] INFO  WEBrick::HTTPServer#start done.
::1 - - [19/Mar/2017:12:03:07 -0400] "GET / HTTP/1.1" 200 3262 0.1270
::1 - - [19/Mar/2017:12:03:08 -0400] "POST /players HTTP/1.1" 200 2471 0.0180
feedback: nil
::1 - - [19/Mar/2017:12:03:09 -0400] "GET /play_human HTTP/1.1" 200 2966 0.1080
[2017-03-19 12:04:39] INFO  going to shutdown ...
[2017-03-19 12:04:39] INFO  WEBrick::HTTPServer#start done.
::1 - - [19/Mar/2017:12:04:45 -0400] "GET / HTTP/1.1" 200 3262 0.1520
::1 - - [19/Mar/2017:12:04:46 -0400] "POST /players HTTP/1.1" 200 2471 0.0250
feedback: nil
::1 - - [19/Mar/2017:12:04:47 -0400] "GET /play_human HTTP/1.1" 200 2986 0.0140
feedback: nil
::1 - - [19/Mar/2017:12:04:50 -0400] "POST /result_human HTTP/1.1" 200 2994 0.0180
[2017-03-19 12:10:32] INFO  going to shutdown ...
[2017-03-19 12:10:32] INFO  WEBrick::HTTPServer#start done.
::1 - - [19/Mar/2017:12:10:41 -0400] "GET / HTTP/1.1" 200 3262 0.0680
::1 - - [19/Mar/2017:12:10:42 -0400] "POST /players HTTP/1.1" 200 2471 0.0090
feedback: nil
::1 - - [19/Mar/2017:12:10:43 -0400] "GET /play_human HTTP/1.1" 200 2986 0.0290
feedback: nil
::1 - - [19/Mar/2017:12:10:45 -0400] "POST /result_human HTTP/1.1" 200 2435 0.0100
feedback: nil
::1 - - [19/Mar/2017:12:10:48 -0400] "GET /play_human HTTP/1.1" 200 2987 0.0060
feedback: nil
::1 - - [19/Mar/2017:12:10:52 -0400] "POST /result_human HTTP/1.1" 200 2436 0.0070
feedback: nil
::1 - - [19/Mar/2017:12:10:54 -0400] "GET /play_human HTTP/1.1" 200 2994 0.0080
feedback: nil
::1 - - [19/Mar/2017:12:10:56 -0400] "POST /result_human HTTP/1.1" 200 3012 0.0100
feedback: nil
::1 - - [19/Mar/2017:12:11:00 -0400] "POST /result_human HTTP/1.1" 200 2437 0.0000
feedback: nil
::1 - - [19/Mar/2017:12:11:03 -0400] "GET /play_human HTTP/1.1" 200 2995 0.0000
feedback: nil
::1 - - [19/Mar/2017:12:11:04 -0400] "POST /result_human HTTP/1.1" 200 3013 0.0000
feedback: nil
::1 - - [19/Mar/2017:12:11:09 -0400] "POST /result_human HTTP/1.1" 200 2438 0.0000
feedback: nil
::1 - - [19/Mar/2017:12:11:11 -0400] "GET /play_human HTTP/1.1" 200 2996 0.0090
feedback: nil
::1 - - [19/Mar/2017:12:11:13 -0400] "POST /result_human HTTP/1.1" 200 2439 0.0000
feedback: nil
::1 - - [19/Mar/2017:12:11:16 -0400] "GET /play_human HTTP/1.1" 200 2997 0.0090
feedback: nil
::1 - - [19/Mar/2017:12:11:19 -0400] "POST /result_human HTTP/1.1" 200 2466 0.0140
::1 - - [19/Mar/2017:12:11:26 -0400] "GET / HTTP/1.1" 200 3262 0.0080
::1 - - [19/Mar/2017:12:11:30 -0400] "POST /players HTTP/1.1" 200 2473 0.0100
feedback: nil
::1 - - [19/Mar/2017:12:11:32 -0400] "GET /play_human HTTP/1.1" 200 2986 0.0130
feedback: nil
::1 - - [19/Mar/2017:12:11:33 -0400] "POST /result_human HTTP/1.1" 200 2434 0.0300
::1 - - [19/Mar/2017:12:11:35 -0400] "GET /play_ai HTTP/1.1" 200 2433 0.0080
feedback: nil
::1 - - [19/Mar/2017:12:11:37 -0400] "GET /play_human HTTP/1.1" 200 2994 0.0120
feedback: nil
::1 - - [19/Mar/2017:12:11:43 -0400] "POST /result_human HTTP/1.1" 200 2436 0.0080
::1 - - [19/Mar/2017:12:11:44 -0400] "GET /play_ai HTTP/1.1" 200 2435 0.0090
feedback: nil
::1 - - [19/Mar/2017:12:11:45 -0400] "GET /play_human HTTP/1.1" 200 2996 0.0000
feedback: nil
::1 - - [19/Mar/2017:12:11:49 -0400] "POST /result_human HTTP/1.1" 200 2438 0.0000
::1 - - [19/Mar/2017:12:11:51 -0400] "GET /play_ai HTTP/1.1" 200 2468 0.0070
::1 - - [19/Mar/2017:12:11:53 -0400] "GET / HTTP/1.1" 200 3262 0.0090
::1 - - [19/Mar/2017:12:11:57 -0400] "POST /players HTTP/1.1" 200 2470 0.0080
::1 - - [19/Mar/2017:12:11:58 -0400] "GET /play_ai HTTP/1.1" 200 2432 0.0070
feedback: nil
::1 - - [19/Mar/2017:12:12:00 -0400] "GET /play_human HTTP/1.1" 200 2987 0.0090
feedback: nil
::1 - - [19/Mar/2017:12:12:02 -0400] "POST /result_human HTTP/1.1" 200 2435 0.0100
::1 - - [19/Mar/2017:12:12:04 -0400] "GET /play_ai HTTP/1.1" 200 2434 0.0196
feedback: nil
::1 - - [19/Mar/2017:12:12:05 -0400] "GET /play_human HTTP/1.1" 200 2995 0.0090
feedback: nil
::1 - - [19/Mar/2017:12:12:10 -0400] "POST /result_human HTTP/1.1" 200 2437 0.0140
::1 - - [19/Mar/2017:12:12:13 -0400] "GET /play_ai HTTP/1.1" 200 2467 0.0080
::1 - - [19/Mar/2017:12:12:17 -0400] "GET / HTTP/1.1" 200 3262 0.0080
[2017-03-19 12:12:53] INFO  going to shutdown ...
[2017-03-19 12:12:53] INFO  WEBrick::HTTPServer#start done.
::1 - - [19/Mar/2017:12:13:04 -0400] "GET / HTTP/1.1" 200 3262 0.0640
::1 - - [19/Mar/2017:12:13:05 -0400] "POST /players HTTP/1.1" 200 2471 0.0110
feedback: nil
::1 - - [19/Mar/2017:12:13:06 -0400] "GET /play_human HTTP/1.1" 200 2986 0.0060
feedback: nil
::1 - - [19/Mar/2017:12:13:10 -0400] "POST /result_human HTTP/1.1" 200 2435 0.0080
feedback: nil
::1 - - [19/Mar/2017:12:13:12 -0400] "GET /play_human HTTP/1.1" 200 2987 0.0080
feedback: nil
::1 - - [19/Mar/2017:12:13:14 -0400] "POST /result_human HTTP/1.1" 200 3011 0.0070
feedback: nil
::1 - - [19/Mar/2017:12:13:17 -0400] "POST /result_human HTTP/1.1" 200 2436 0.0070
feedback: nil
::1 - - [19/Mar/2017:12:13:18 -0400] "GET /play_human HTTP/1.1" 200 2994 0.0000
feedback: nil
::1 - - [19/Mar/2017:12:13:23 -0400] "POST /result_human HTTP/1.1" 200 2437 0.0000
feedback: nil
::1 - - [19/Mar/2017:12:13:24 -0400] "GET /play_human HTTP/1.1" 200 2995 0.0070
[2017-03-19 12:13:27] INFO  going to shutdown ...
[2017-03-19 12:13:27] INFO  WEBrick::HTTPServer#start done.
